=== Step 1: Terraform Apply ===
[0m[1mInitializing the backend...[0m
[0m[1mInitializing modules...[0m
[0m[1mInitializing provider plugins...[0m
- Reusing previous version of hashicorp/aws from the dependency lock file
- Using previously-installed hashicorp/aws v6.39.0

[0m[1m[32mTerraform has been successfully initialized![0m[32m[0m
[0m[32m
You may now begin working with Terraform. Try running "terraform plan" to see
any changes that are required for your infrastructure. All Terraform commands
should now work.

If you ever set or change modules or backend configuration for Terraform,
rerun this command to reinitialize your working directory. If you forget, other
commands will detect it and remind you to do so if necessary.[0m
Acquiring state lock. This may take a few moments...
[0m[1mvar.environment[0m
  Environment name (staging/production)

  [1mEnter a value:[0m [0m
[0m[1mvar.my_ip[0m
  Your current public IP for SSH access (for security group)

  [1mEnter a value:[0m [0m
[0m[1mvar.region[0m
  AWS region to deploy servers into

  [1mEnter a value:[0m [0m
[0m[1mvar.servers[0m
  Map of server definitions

  [1mEnter a value:[0m [0m
[0m[1mvar.ssh_key_name[0m
  Name of the SSH key pair used to access the servers

  [1mEnter a value:[0m [0m
[0m[1mvar.vpc_id[0m
  ID of the VPC where servers will be deployed

  [1mEnter a value:[0m [0m
[0m[1mdata.aws_ami.ubuntu: Reading...[0m[0m
[0m[1maws_security_group.app_sg: Refreshing state... [id=sg-0c1a4ab7dd1fa349a][0m
[0m[1mdata.aws_ami.ubuntu: Read complete after 2s [id=ami-0028809abe98af413][0m
[0m[1mmodule.app_servers["payments"].aws_instance.this: Refreshing state... [id=i-0e8a9ce61e4e25db6][0m
[0m[1mmodule.app_servers["logs"].aws_instance.this: Refreshing state... [id=i-0eee1913f410fda53][0m
[0m[1mmodule.app_servers["api"].aws_instance.this: Refreshing state... [id=i-0f5d7183d25b9acb3][0m

Terraform used the selected providers to generate the following execution
plan. Resource actions are indicated with the following symbols:
  [33m~[0m update in-place[0m
[31m-[0m/[32m+[0m destroy and then create replacement[0m

Terraform will perform the following actions:

[1m  # aws_security_group.app_sg[0m must be [1m[31mreplaced[0m
[0m[31m-[0m/[32m+[0m[0m resource "aws_security_group" "app_sg" {
      [33m~[0m[0m arn                    = "arn:aws:ec2:eu-north-1:435392106345:security-group/sg-0c1a4ab7dd1fa349a" -> (known after apply)
      [33m~[0m[0m egress                 = [] -> (known after apply)
      [33m~[0m[0m id                     = "sg-0c1a4ab7dd1fa349a" -> (known after apply)
        name                   = "production-app-sg-v2"
      [32m+[0m[0m name_prefix            = (known after apply)
      [33m~[0m[0m owner_id               = "435392106345" -> (known after apply)
      [31m-[0m[0m tags                   = {} [90m-> null[0m[0m
      [33m~[0m[0m tags_all               = {} -> (known after apply)
      [33m~[0m[0m vpc_id                 = "vpc-0f481797dc87df140" [33m->[0m[0m "terraform-key" [31m# forces replacement[0m[0m
        [90m# (4 unchanged attributes hidden)[0m[0m
    }

[1m  # module.app_servers["api"].aws_instance.this[0m will be updated in-place
[0m  [33m~[0m[0m resource "aws_instance" "this" {
        id                                   = "i-0f5d7183d25b9acb3"
        tags                                 = {
            "Name" = "api-server"
        }
      [33m~[0m[0m vpc_security_group_ids               = [
          [31m-[0m[0m "sg-0c1a4ab7dd1fa349a",
        ] -> (known after apply)
        [90m# (39 unchanged attributes hidden)[0m[0m

        [90m# (9 unchanged blocks hidden)[0m[0m
    }

[1m  # module.app_servers["logs"].aws_instance.this[0m will be updated in-place
[0m  [33m~[0m[0m resource "aws_instance" "this" {
        id                                   = "i-0eee1913f410fda53"
        tags                                 = {
            "Name" = "logs-server"
        }
      [33m~[0m[0m vpc_security_group_ids               = [
          [31m-[0m[0m "sg-0c1a4ab7dd1fa349a",
        ] -> (known after apply)
        [90m# (39 unchanged attributes hidden)[0m[0m

        [90m# (9 unchanged blocks hidden)[0m[0m
    }

[1m  # module.app_servers["payments"].aws_instance.this[0m will be updated in-place
[0m  [33m~[0m[0m resource "aws_instance" "this" {
        id                                   = "i-0e8a9ce61e4e25db6"
        tags                                 = {
            "Name" = "payments-server"
        }
      [33m~[0m[0m vpc_security_group_ids               = [
          [31m-[0m[0m "sg-0c1a4ab7dd1fa349a",
        ] -> (known after apply)
        [90m# (39 unchanged attributes hidden)[0m[0m

        [90m# (9 unchanged blocks hidden)[0m[0m
    }

[1mPlan:[0m [0m1 to add, 3 to change, 1 to destroy.
[0m[1maws_security_group.app_sg: Destroying... [id=sg-0c1a4ab7dd1fa349a][0m[0m
[0m[1maws_security_group.app_sg: Still destroying... [id=sg-0c1a4ab7dd1fa349a, 00m10s elapsed][0m[0m
[0m[1maws_security_group.app_sg: Still destroying... [id=sg-0c1a4ab7dd1fa349a, 00m20s elapsed][0m[0m
[0m[1maws_security_group.app_sg: Still destroying... [id=sg-0c1a4ab7dd1fa349a, 00m30s elapsed][0m[0m
[0m[1maws_security_group.app_sg: Still destroying... [id=sg-0c1a4ab7dd1fa349a, 00m40s elapsed][0m[0m
[0m[1maws_security_group.app_sg: Still destroying... [id=sg-0c1a4ab7dd1fa349a, 00m50s elapsed][0m[0m
[0m[1maws_security_group.app_sg: Still destroying... [id=sg-0c1a4ab7dd1fa349a, 01m00s elapsed][0m[0m
[0m[1maws_security_group.app_sg: Still destroying... [id=sg-0c1a4ab7dd1fa349a, 01m10s elapsed][0m[0m
[0m[1maws_security_group.app_sg: Still destroying... [id=sg-0c1a4ab7dd1fa349a, 01m20s elapsed][0m[0m
[0m[1maws_security_group.app_sg: Still destroying... [id=sg-0c1a4ab7dd1fa349a, 01m30s elapsed][0m[0m
[0m[1maws_security_group.app_sg: Still destroying... [id=sg-0c1a4ab7dd1fa349a, 01m40s elapsed][0m[0m
[0m[1maws_security_group.app_sg: Still destroying... [id=sg-0c1a4ab7dd1fa349a, 01m50s elapsed][0m[0m
[0m[1maws_security_group.app_sg: Still destroying... [id=sg-0c1a4ab7dd1fa349a, 02m00s elapsed][0m[0m
[0m[1maws_security_group.app_sg: Still destroying... [id=sg-0c1a4ab7dd1fa349a, 02m10s elapsed][0m[0m
[0m[1maws_security_group.app_sg: Still destroying... [id=sg-0c1a4ab7dd1fa349a, 02m20s elapsed][0m[0m
[0m[1maws_security_group.app_sg: Still destroying... [id=sg-0c1a4ab7dd1fa349a, 02m30s elapsed][0m[0m
[0m[1maws_security_group.app_sg: Still destroying... [id=sg-0c1a4ab7dd1fa349a, 02m40s elapsed][0m[0m
[0m[1maws_security_group.app_sg: Still destroying... [id=sg-0c1a4ab7dd1fa349a, 02m50s elapsed][0m[0m
[0m[1maws_security_group.app_sg: Still destroying... [id=sg-0c1a4ab7dd1fa349a, 03m00s elapsed][0m[0m
[0m[1maws_security_group.app_sg: Still destroying... [id=sg-0c1a4ab7dd1fa349a, 03m10s elapsed][0m[0m
[0m[1maws_security_group.app_sg: Still destroying... [id=sg-0c1a4ab7dd1fa349a, 03m20s elapsed][0m[0m
[0m[1maws_security_group.app_sg: Still destroying... [id=sg-0c1a4ab7dd1fa349a, 03m30s elapsed][0m[0m
[0m[1maws_security_group.app_sg: Still destroying... [id=sg-0c1a4ab7dd1fa349a, 03m40s elapsed][0m[0m
[0m[1maws_security_group.app_sg: Still destroying... [id=sg-0c1a4ab7dd1fa349a, 03m50s elapsed][0m[0m
[0m[1maws_security_group.app_sg: Still destroying... [id=sg-0c1a4ab7dd1fa349a, 04m00s elapsed][0m[0m
[0m[1maws_security_group.app_sg: Still destroying... [id=sg-0c1a4ab7dd1fa349a, 04m10s elapsed][0m[0m
[0m[1maws_security_group.app_sg: Still destroying... [id=sg-0c1a4ab7dd1fa349a, 04m20s elapsed][0m[0m
[0m[1maws_security_group.app_sg: Still destroying... [id=sg-0c1a4ab7dd1fa349a, 04m30s elapsed][0m[0m
[0m[1maws_security_group.app_sg: Still destroying... [id=sg-0c1a4ab7dd1fa349a, 04m40s elapsed][0m[0m
[0m[1maws_security_group.app_sg: Still destroying... [id=sg-0c1a4ab7dd1fa349a, 04m50s elapsed][0m[0m
[0m[1maws_security_group.app_sg: Still destroying... [id=sg-0c1a4ab7dd1fa349a, 05m00s elapsed][0m[0m
[0m[1maws_security_group.app_sg: Still destroying... [id=sg-0c1a4ab7dd1fa349a, 05m10s elapsed][0m[0m
[0m[1maws_security_group.app_sg: Still destroying... [id=sg-0c1a4ab7dd1fa349a, 05m20s elapsed][0m[0m
[0m[1maws_security_group.app_sg: Still destroying... [id=sg-0c1a4ab7dd1fa349a, 05m30s elapsed][0m[0m
[0m[1maws_security_group.app_sg: Still destroying... [id=sg-0c1a4ab7dd1fa349a, 05m40s elapsed][0m[0m
[0m[1maws_security_group.app_sg: Still destroying... [id=sg-0c1a4ab7dd1fa349a, 05m50s elapsed][0m[0m
[0m[1maws_security_group.app_sg: Still destroying... [id=sg-0c1a4ab7dd1fa349a, 06m00s elapsed][0m[0m
[0m[1maws_security_group.app_sg: Still destroying... [id=sg-0c1a4ab7dd1fa349a, 06m10s elapsed][0m[0m
[0m[1maws_security_group.app_sg: Still destroying... [id=sg-0c1a4ab7dd1fa349a, 06m20s elapsed][0m[0m
[0m[1maws_security_group.app_sg: Still destroying... [id=sg-0c1a4ab7dd1fa349a, 06m30s elapsed][0m[0m
[0m[1maws_security_group.app_sg: Still destroying... [id=sg-0c1a4ab7dd1fa349a, 06m40s elapsed][0m[0m
[0m[1maws_security_group.app_sg: Still destroying... [id=sg-0c1a4ab7dd1fa349a, 06m50s elapsed][0m[0m
[0m[1maws_security_group.app_sg: Still destroying... [id=sg-0c1a4ab7dd1fa349a, 07m00s elapsed][0m[0m
[0m[1maws_security_group.app_sg: Still destroying... [id=sg-0c1a4ab7dd1fa349a, 07m10s elapsed][0m[0m
[0m[1maws_security_group.app_sg: Still destroying... [id=sg-0c1a4ab7dd1fa349a, 07m20s elapsed][0m[0m
[0m[1maws_security_group.app_sg: Still destroying... [id=sg-0c1a4ab7dd1fa349a, 07m30s elapsed][0m[0m
[0m[1maws_security_group.app_sg: Still destroying... [id=sg-0c1a4ab7dd1fa349a, 07m40s elapsed][0m[0m
[0m[1maws_security_group.app_sg: Still destroying... [id=sg-0c1a4ab7dd1fa349a, 07m50s elapsed][0m[0m
[0m[1maws_security_group.app_sg: Still destroying... [id=sg-0c1a4ab7dd1fa349a, 08m00s elapsed][0m[0m
[0m[1maws_security_group.app_sg: Still destroying... [id=sg-0c1a4ab7dd1fa349a, 08m10s elapsed][0m[0m
[0m[1maws_security_group.app_sg: Still destroying... [id=sg-0c1a4ab7dd1fa349a, 08m20s elapsed][0m[0m
[0m[1maws_security_group.app_sg: Still destroying... [id=sg-0c1a4ab7dd1fa349a, 08m30s elapsed][0m[0m
[0m[1maws_security_group.app_sg: Still destroying... [id=sg-0c1a4ab7dd1fa349a, 08m40s elapsed][0m[0m
[0m[1maws_security_group.app_sg: Still destroying... [id=sg-0c1a4ab7dd1fa349a, 08m50s elapsed][0m[0m
[0m[1maws_security_group.app_sg: Still destroying... [id=sg-0c1a4ab7dd1fa349a, 09m00s elapsed][0m[0m
[0m[1maws_security_group.app_sg: Still destroying... [id=sg-0c1a4ab7dd1fa349a, 09m10s elapsed][0m[0m
[0m[1maws_security_group.app_sg: Still destroying... [id=sg-0c1a4ab7dd1fa349a, 09m20s elapsed][0m[0m
[0m[1maws_security_group.app_sg: Still destroying... [id=sg-0c1a4ab7dd1fa349a, 09m30s elapsed][0m[0m
[0m[1maws_security_group.app_sg: Still destroying... [id=sg-0c1a4ab7dd1fa349a, 09m40s elapsed][0m[0m
[0m[1maws_security_group.app_sg: Still destroying... [id=sg-0c1a4ab7dd1fa349a, 09m50s elapsed][0m[0m
[0m[1maws_security_group.app_sg: Still destroying... [id=sg-0c1a4ab7dd1fa349a, 10m00s elapsed][0m[0m
[0m[1maws_security_group.app_sg: Still destroying... [id=sg-0c1a4ab7dd1fa349a, 10m10s elapsed][0m[0m
[0m[1maws_security_group.app_sg: Still destroying... [id=sg-0c1a4ab7dd1fa349a, 10m20s elapsed][0m[0m
[0m[1maws_security_group.app_sg: Still destroying... [id=sg-0c1a4ab7dd1fa349a, 10m30s elapsed][0m[0m
[0m[1maws_security_group.app_sg: Still destroying... [id=sg-0c1a4ab7dd1fa349a, 10m40s elapsed][0m[0m
[0m[1maws_security_group.app_sg: Still destroying... [id=sg-0c1a4ab7dd1fa349a, 10m50s elapsed][0m[0m
[0m[1maws_security_group.app_sg: Still destroying... [id=sg-0c1a4ab7dd1fa349a, 11m00s elapsed][0m[0m
[0m[1maws_security_group.app_sg: Still destroying... [id=sg-0c1a4ab7dd1fa349a, 11m10s elapsed][0m[0m
[0m[1maws_security_group.app_sg: Still destroying... [id=sg-0c1a4ab7dd1fa349a, 11m20s elapsed][0m[0m
[0m[1maws_security_group.app_sg: Still destroying... [id=sg-0c1a4ab7dd1fa349a, 11m30s elapsed][0m[0m
[0m[1maws_security_group.app_sg: Still destroying... [id=sg-0c1a4ab7dd1fa349a, 11m40s elapsed][0m[0m
[0m[1maws_security_group.app_sg: Still destroying... [id=sg-0c1a4ab7dd1fa349a, 11m50s elapsed][0m[0m
[0m[1maws_security_group.app_sg: Still destroying... [id=sg-0c1a4ab7dd1fa349a, 12m00s elapsed][0m[0m
[0m[1maws_security_group.app_sg: Still destroying... [id=sg-0c1a4ab7dd1fa349a, 12m10s elapsed][0m[0m
[0m[1maws_security_group.app_sg: Still destroying... [id=sg-0c1a4ab7dd1fa349a, 12m20s elapsed][0m[0m
[0m[1maws_security_group.app_sg: Still destroying... [id=sg-0c1a4ab7dd1fa349a, 12m30s elapsed][0m[0m
[0m[1maws_security_group.app_sg: Still destroying... [id=sg-0c1a4ab7dd1fa349a, 12m40s elapsed][0m[0m
[0m[1maws_security_group.app_sg: Still destroying... [id=sg-0c1a4ab7dd1fa349a, 12m50s elapsed][0m[0m
[0m[1maws_security_group.app_sg: Still destroying... [id=sg-0c1a4ab7dd1fa349a, 13m00s elapsed][0m[0m
[0m[1maws_security_group.app_sg: Still destroying... [id=sg-0c1a4ab7dd1fa349a, 13m10s elapsed][0m[0m
[0m[1maws_security_group.app_sg: Still destroying... [id=sg-0c1a4ab7dd1fa349a, 13m20s elapsed][0m[0m
[0m[1maws_security_group.app_sg: Still destroying... [id=sg-0c1a4ab7dd1fa349a, 13m30s elapsed][0m[0m
[0m[1maws_security_group.app_sg: Still destroying... [id=sg-0c1a4ab7dd1fa349a, 13m40s elapsed][0m[0m
[0m[1maws_security_group.app_sg: Still destroying... [id=sg-0c1a4ab7dd1fa349a, 13m50s elapsed][0m[0m
[0m[1maws_security_group.app_sg: Still destroying... [id=sg-0c1a4ab7dd1fa349a, 14m00s elapsed][0m[0m
[0m[1maws_security_group.app_sg: Still destroying... [id=sg-0c1a4ab7dd1fa349a, 14m10s elapsed][0m[0m
[0m[1maws_security_group.app_sg: Still destroying... [id=sg-0c1a4ab7dd1fa349a, 14m20s elapsed][0m[0m
[0m[1maws_security_group.app_sg: Still destroying... [id=sg-0c1a4ab7dd1fa349a, 14m30s elapsed][0m[0m
[0m[1maws_security_group.app_sg: Still destroying... [id=sg-0c1a4ab7dd1fa349a, 14m40s elapsed][0m[0m
[0m[1maws_security_group.app_sg: Still destroying... [id=sg-0c1a4ab7dd1fa349a, 14m50s elapsed][0m[0m
[0m[1maws_security_group.app_sg: Still destroying... [id=sg-0c1a4ab7dd1fa349a, 15m00s elapsed][0m[0m
[0m[1maws_security_group.app_sg: Still destroying... [id=sg-0c1a4ab7dd1fa349a, 15m10s elapsed][0m[0m
[0m[1maws_security_group.app_sg: Still destroying... [id=sg-0c1a4ab7dd1fa349a, 15m20s elapsed][0m[0m
[0m[1maws_security_group.app_sg: Still destroying... [id=sg-0c1a4ab7dd1fa349a, 15m30s elapsed][0m[0m
Releasing state lock. This may take a few moments...
